<?xml version="1.0" encoding="UTF-8"?>
<testng-results skipped="0" failed="1" ignored="0" total="3" passed="2">
  <reporter-output>
  </reporter-output>
  <suite name="Default suite" duration-ms="27133" started-at="2020-04-21T00:15:59 IST" finished-at="2020-04-21T00:16:26 IST">
    <groups>
    </groups>
    <test name="Default test" duration-ms="27133" started-at="2020-04-21T00:15:59 IST" finished-at="2020-04-21T00:16:26 IST">
      <class name="com.facebook.validations.FacebookDDValidation">
        <test-method status="PASS" signature="setUp()[pri:0, instance:com.facebook.validations.FacebookDDValidation@5e853265]" name="setUp" is-config="true" duration-ms="23858" started-at="2020-04-21T00:15:59 IST" finished-at="2020-04-21T00:16:23 IST">
          <reporter-output>
          </reporter-output>
        </test-method> <!-- setUp -->
        <test-method status="PASS" signature="verify_DD_ContainsAll()[pri:0, instance:com.facebook.validations.FacebookDDValidation@5e853265]" name="verify_DD_ContainsAll" duration-ms="1936" started-at="2020-04-21T00:16:23 IST" finished-at="2020-04-21T00:16:25 IST">
          <reporter-output>
          </reporter-output>
        </test-method> <!-- verify_DD_ContainsAll -->
        <test-method status="FAIL" signature="verify_DD_sorted()[pri:0, instance:com.facebook.validations.FacebookDDValidation@5e853265]" name="verify_DD_sorted" duration-ms="476" started-at="2020-04-21T00:16:25 IST" finished-at="2020-04-21T00:16:26 IST">
          <exception class="java.lang.AssertionError">
            <message>
              <![CDATA[Lists differ at element [0]: Apr != Month expected [Apr] but found [Month]]]>
            </message>
            <full-stacktrace>
              <![CDATA[java.lang.AssertionError: Lists differ at element [0]: Apr != Month expected [Apr] but found [Month]
at org.testng.Assert.fail(Assert.java:97)
at org.testng.Assert.assertEqualsImpl(Assert.java:136)
at org.testng.Assert.assertEquals(Assert.java:1031)
at org.testng.Assert.assertEquals(Assert.java:993)
at com.facebook.validations.FacebookDDValidation.verify_DD_sorted(FacebookDDValidation.java:67)
at sun.reflect.NativeMethodAccessorImpl.invoke0(Native Method)
at sun.reflect.NativeMethodAccessorImpl.invoke(NativeMethodAccessorImpl.java:62)
at sun.reflect.DelegatingMethodAccessorImpl.invoke(DelegatingMethodAccessorImpl.java:43)
at java.lang.reflect.Method.invoke(Method.java:498)
at org.testng.internal.MethodInvocationHelper.invokeMethod(MethodInvocationHelper.java:134)
at org.testng.internal.TestInvoker.invokeMethod(TestInvoker.java:597)
at org.testng.internal.TestInvoker.invokeTestMethod(TestInvoker.java:173)
at org.testng.internal.MethodRunner.runInSequence(MethodRunner.java:46)
at org.testng.internal.TestInvoker$MethodInvocationAgent.invoke(TestInvoker.java:816)
at org.testng.internal.TestInvoker.invokeTestMethods(TestInvoker.java:146)
at org.testng.internal.TestMethodWorker.invokeTestMethods(TestMethodWorker.java:146)
at org.testng.internal.TestMethodWorker.run(TestMethodWorker.java:128)
at java.util.ArrayList.forEach(ArrayList.java:1257)
at org.testng.TestRunner.privateRun(TestRunner.java:766)
at org.testng.TestRunner.run(TestRunner.java:587)
at org.testng.SuiteRunner.runTest(SuiteRunner.java:384)
at org.testng.SuiteRunner.runSequentially(SuiteRunner.java:378)
at org.testng.SuiteRunner.privateRun(SuiteRunner.java:337)
at org.testng.SuiteRunner.run(SuiteRunner.java:286)
at org.testng.SuiteRunnerWorker.runSuite(SuiteRunnerWorker.java:53)
at org.testng.SuiteRunnerWorker.run(SuiteRunnerWorker.java:96)
at org.testng.TestNG.runSuitesSequentially(TestNG.java:1187)
at org.testng.TestNG.runSuitesLocally(TestNG.java:1109)
at org.testng.TestNG.runSuites(TestNG.java:1039)
at org.testng.TestNG.run(TestNG.java:1007)
at org.testng.remote.AbstractRemoteTestNG.run(AbstractRemoteTestNG.java:115)
at org.testng.remote.RemoteTestNG.initAndRun(RemoteTestNG.java:251)
at org.testng.remote.RemoteTestNG.main(RemoteTestNG.java:77)
]]>
            </full-stacktrace>
          </exception> <!-- java.lang.AssertionError -->
          <reporter-output>
          </reporter-output>
        </test-method> <!-- verify_DD_sorted -->
        <test-method status="PASS" signature="verify_Dd_Duplicate_Options()[pri:0, instance:com.facebook.validations.FacebookDDValidation@5e853265]" name="verify_Dd_Duplicate_Options" duration-ms="408" started-at="2020-04-21T00:16:26 IST" finished-at="2020-04-21T00:16:26 IST">
          <reporter-output>
          </reporter-output>
        </test-method> <!-- verify_Dd_Duplicate_Options -->
        <test-method status="PASS" signature="tearDown()[pri:0, instance:com.facebook.validations.FacebookDDValidation@5e853265]" name="tearDown" is-config="true" duration-ms="236" started-at="2020-04-21T00:16:26 IST" finished-at="2020-04-21T00:16:26 IST">
          <reporter-output>
          </reporter-output>
        </test-method> <!-- tearDown -->
      </class> <!-- com.facebook.validations.FacebookDDValidation -->
    </test> <!-- Default test -->
  </suite> <!-- Default suite -->
</testng-results>
